<?xml version="1.0" encoding="UTF-8"?>
<testng-results skipped="0" failed="0" ignored="0" total="1" passed="1">
  <reporter-output>
  </reporter-output>
  <suite name="Default suite" duration-ms="11180" started-at="2025-04-20T14:10:04Z" finished-at="2025-04-20T14:10:15Z">
    <groups>
    </groups>
    <test name="Default test" duration-ms="11180" started-at="2025-04-20T14:10:04Z" finished-at="2025-04-20T14:10:15Z">
      <class name="org.demo.ecommerce.PurchaseApp">
        <test-method status="PASS" signature="beforeClass()[pri:0, instance:org.demo.ecommerce.PurchaseApp@5ce81285]" name="beforeClass" is-config="true" duration-ms="6023" started-at="2025-04-20T14:10:04Z" finished-at="2025-04-20T14:10:10Z">
          <reporter-output>
          </reporter-output>
        </test-method> <!-- beforeClass -->
        <test-method status="PASS" signature="beforeMethod()[pri:0, instance:org.demo.ecommerce.PurchaseApp@5ce81285]" name="beforeMethod" is-config="true" duration-ms="59" started-at="2025-04-20T14:10:11Z" finished-at="2025-04-20T14:10:11Z">
          <reporter-output>
          </reporter-output>
        </test-method> <!-- beforeMethod -->
        <test-method status="PASS" signature="test()[pri:0, instance:org.demo.ecommerce.PurchaseApp@5ce81285]" name="test" duration-ms="3736" started-at="2025-04-20T14:10:11Z" finished-at="2025-04-20T14:10:15Z">
          <reporter-output>
          </reporter-output>
        </test-method> <!-- test -->
        <test-method status="PASS" signature="afterClass()[pri:0, instance:org.demo.ecommerce.PurchaseApp@5ce81285]" name="afterClass" is-config="true" duration-ms="862" started-at="2025-04-20T14:10:15Z" finished-at="2025-04-20T14:10:15Z">
          <reporter-output>
          </reporter-output>
        </test-method> <!-- afterClass -->
        <test-method status="PASS" signature="afterMethod()[pri:0, instance:org.demo.ecommerce.PurchaseApp@5ce81285]" name="afterMethod" is-config="true" duration-ms="0" started-at="2025-04-20T14:10:15Z" finished-at="2025-04-20T14:10:15Z">
          <reporter-output>
          </reporter-output>
        </test-method> <!-- afterMethod -->
      </class> <!-- org.demo.ecommerce.PurchaseApp -->
    </test> <!-- Default test -->
  </suite> <!-- Default suite -->
</testng-results>
